{"level":"info","msg":"Using namespace '\u001b[1;37mvcluster\u001b[0m'","time":"2022-06-20T14:04:32+05:30"}
{"level":"info","msg":"Using kube context '\u001b[1;37mdocker-desktop\u001b[0m'","time":"2022-06-20T14:04:32+05:30"}
{"level":"info","msg":"Created image pull secret vcluster/devspace-auth-docker","time":"2022-06-20T14:04:32+05:30"}
{"level":"info","msg":"Rebuild image  because tag is missing","time":"2022-06-20T14:04:32+05:30"}
{"level":"info","msg":"Building image 'ishankhare07/vcluster-plugins/knative-serving-plugin:NWQROvY' with engine 'docker'","time":"2022-06-20T14:04:32+05:30"}
{"level":"info","msg":"Skip image push for ishankhare07/vcluster-plugins/knative-serving-plugin","time":"2022-06-20T14:05:08+05:30"}
{"level":"info","msg":"Done processing image 'ishankhare07/vcluster-plugins/knative-serving-plugin'","time":"2022-06-20T14:05:08+05:30"}
{"level":"info","msg":"Execute 'helm upgrade vcluster --namespace vcluster --values /var/folders/kb/95tz6wv1449g8c3q6dds3v2w0000gn/T/4224018236 --install vcluster --repo https://charts.loft.sh --repository-config='' --version 0.10.0 --kube-context docker-desktop'","time":"2022-06-20T14:05:08+05:30"}
{"level":"info","msg":"Deployed helm chart (Release revision: 1)","time":"2022-06-20T14:05:22+05:30"}
{"level":"info","msg":"Successfully deployed vcluster with helm","time":"2022-06-20T14:05:22+05:30"}
{"level":"info","msg":"DevSpace UI available at: \u001b[1;37mhttp://localhost:8090\u001b[0m","time":"2022-06-20T14:05:22+05:30"}
{"level":"info","msg":"Terminal: Waiting for containers to start...","time":"2022-06-20T14:05:50+05:30"}
{"level":"info","msg":"Opening shell to pod:container \u001b[1;37mvcluster-0\u001b[0m:\u001b[1;37mcert-manager-plugin\u001b[0m","time":"2022-06-20T14:05:51+05:30"}
{"level":"info","msg":"Using namespace '\u001b[1;37mvcluster\u001b[0m'","time":"2022-06-20T15:15:22+05:30"}
{"level":"info","msg":"Using kube context '\u001b[1;37mdocker-desktop\u001b[0m'","time":"2022-06-20T15:15:22+05:30"}
{"level":"info","msg":"Skip building image 'vcluster'","time":"2022-06-20T15:15:23+05:30"}
{"level":"info","msg":"Skipping deployment vcluster","time":"2022-06-20T15:15:23+05:30"}
{"level":"info","msg":"DevSpace UI available at: \u001b[1;37mhttp://localhost:8090\u001b[0m","time":"2022-06-20T15:15:23+05:30"}
{"level":"info","msg":"Using namespace '\u001b[1;37mvcluster\u001b[0m'","time":"2022-06-20T15:16:24+05:30"}
{"level":"info","msg":"Using kube context '\u001b[1;37mdocker-desktop\u001b[0m'","time":"2022-06-20T15:16:24+05:30"}
{"level":"info","msg":"Skip building image 'vcluster'","time":"2022-06-20T15:16:25+05:30"}
{"level":"info","msg":"Skipping deployment vcluster","time":"2022-06-20T15:16:25+05:30"}
{"level":"info","msg":"DevSpace UI available at: \u001b[1;37mhttp://localhost:8090\u001b[0m","time":"2022-06-20T15:16:25+05:30"}
{"level":"info","msg":"Using namespace '\u001b[1;37mvcluster\u001b[0m'","time":"2022-06-20T15:19:01+05:30"}
{"level":"info","msg":"Using kube context '\u001b[1;37mdocker-desktop\u001b[0m'","time":"2022-06-20T15:19:01+05:30"}
{"level":"info","msg":"Skip building image 'vcluster'","time":"2022-06-20T15:19:01+05:30"}
{"level":"info","msg":"Execute 'helm upgrade vcluster --namespace vcluster --values /var/folders/kb/95tz6wv1449g8c3q6dds3v2w0000gn/T/3078041435 --install vcluster --repo https://charts.loft.sh --repository-config='' --version 0.10.0 --kube-context docker-desktop'","time":"2022-06-20T15:19:01+05:30"}
{"level":"info","msg":"Deployed helm chart (Release revision: 1)","time":"2022-06-20T15:19:08+05:30"}
{"level":"info","msg":"Successfully deployed vcluster with helm","time":"2022-06-20T15:19:08+05:30"}
{"level":"info","msg":"DevSpace UI available at: \u001b[1;37mhttp://localhost:8090\u001b[0m","time":"2022-06-20T15:19:08+05:30"}
{"level":"info","msg":"Terminal: Waiting for containers to start...","time":"2022-06-20T15:19:25+05:30"}
{"level":"info","msg":"Opening shell to pod:container \u001b[1;37mvcluster-0\u001b[0m:\u001b[1;37mcert-manager-plugin\u001b[0m","time":"2022-06-20T15:19:26+05:30"}
{"level":"info","msg":"Using namespace '\u001b[1;37mvcluster\u001b[0m'","time":"2022-06-20T15:38:55+05:30"}
{"level":"info","msg":"Using kube context '\u001b[1;37mdocker-desktop\u001b[0m'","time":"2022-06-20T15:38:55+05:30"}
{"level":"info","msg":"Skip building image 'vcluster'","time":"2022-06-20T15:38:56+05:30"}
{"level":"info","msg":"Execute 'helm upgrade vcluster --namespace vcluster --values /var/folders/kb/95tz6wv1449g8c3q6dds3v2w0000gn/T/3774938175 --install vcluster --repo https://charts.loft.sh --repository-config='' --version 0.10.0 --kube-context docker-desktop'","time":"2022-06-20T15:38:56+05:30"}
{"level":"info","msg":"Deployed helm chart (Release revision: 2)","time":"2022-06-20T15:39:09+05:30"}
{"level":"info","msg":"Successfully deployed vcluster with helm","time":"2022-06-20T15:39:09+05:30"}
{"level":"info","msg":"DevSpace UI available at: \u001b[1;37mhttp://localhost:8090\u001b[0m","time":"2022-06-20T15:39:09+05:30"}
{"level":"info","msg":"Using namespace '\u001b[1;37mvcluster\u001b[0m'","time":"2022-06-20T15:44:05+05:30"}
{"level":"info","msg":"Using kube context '\u001b[1;37mdocker-desktop\u001b[0m'","time":"2022-06-20T15:44:05+05:30"}
{"level":"info","msg":"Skip building image 'vcluster'","time":"2022-06-20T15:44:05+05:30"}
{"level":"info","msg":"Execute 'helm upgrade vcluster --namespace vcluster --values /var/folders/kb/95tz6wv1449g8c3q6dds3v2w0000gn/T/2467735412 --install vcluster --repo https://charts.loft.sh --repository-config='' --version 0.10.0 --kube-context docker-desktop'","time":"2022-06-20T15:44:05+05:30"}
{"level":"info","msg":"Deployed helm chart (Release revision: 3)","time":"2022-06-20T15:44:15+05:30"}
{"level":"info","msg":"Successfully deployed vcluster with helm","time":"2022-06-20T15:44:15+05:30"}
{"level":"info","msg":"DevSpace UI available at: \u001b[1;37mhttp://localhost:8090\u001b[0m","time":"2022-06-20T15:44:15+05:30"}
{"level":"info","msg":"Using namespace '\u001b[1;37mvcluster\u001b[0m'","time":"2022-06-20T15:44:49+05:30"}
{"level":"info","msg":"Using kube context '\u001b[1;37mdocker-desktop\u001b[0m'","time":"2022-06-20T15:44:49+05:30"}
{"level":"info","msg":"Skip building image 'vcluster'","time":"2022-06-20T15:44:50+05:30"}
{"level":"info","msg":"Execute 'helm upgrade vcluster --namespace vcluster --values /var/folders/kb/95tz6wv1449g8c3q6dds3v2w0000gn/T/2215948751 --install vcluster --repo https://charts.loft.sh --repository-config='' --version 0.10.0 --kube-context docker-desktop'","time":"2022-06-20T15:44:50+05:30"}
{"level":"info","msg":"Deployed helm chart (Release revision: 4)","time":"2022-06-20T15:45:01+05:30"}
{"level":"info","msg":"Successfully deployed vcluster with helm","time":"2022-06-20T15:45:01+05:30"}
{"level":"info","msg":"DevSpace UI available at: \u001b[1;37mhttp://localhost:8090\u001b[0m","time":"2022-06-20T15:45:01+05:30"}
{"level":"info","msg":"Terminal: Waiting for containers to start...","time":"2022-06-20T15:45:38+05:30"}
{"level":"info","msg":"Opening shell to pod:container \u001b[1;37mvcluster-0\u001b[0m:\u001b[1;37mcert-manager-plugin\u001b[0m","time":"2022-06-20T15:45:39+05:30"}
{"level":"info","msg":"Using namespace '\u001b[1;37mvcluster\u001b[0m'","time":"2022-06-20T15:46:26+05:30"}
{"level":"info","msg":"Using kube context '\u001b[1;37mdocker-desktop\u001b[0m'","time":"2022-06-20T15:46:26+05:30"}
{"level":"info","msg":"Skip building image 'vcluster'","time":"2022-06-20T15:46:27+05:30"}
{"level":"info","msg":"Execute 'helm upgrade vcluster --namespace vcluster --values /var/folders/kb/95tz6wv1449g8c3q6dds3v2w0000gn/T/3760311376 --install vcluster --repo https://charts.loft.sh --repository-config='' --version 0.10.0 --kube-context docker-desktop'","time":"2022-06-20T15:46:27+05:30"}
{"level":"info","msg":"Deployed helm chart (Release revision: 5)","time":"2022-06-20T15:46:42+05:30"}
{"level":"info","msg":"Successfully deployed vcluster with helm","time":"2022-06-20T15:46:42+05:30"}
{"level":"info","msg":"DevSpace UI available at: \u001b[1;37mhttp://localhost:8090\u001b[0m","time":"2022-06-20T15:46:42+05:30"}
{"level":"info","msg":"Terminal: Waiting for containers to start...","time":"2022-06-20T15:47:27+05:30"}
{"level":"info","msg":"Opening shell to pod:container \u001b[1;37mvcluster-0\u001b[0m:\u001b[1;37mknative-serving-plugin\u001b[0m","time":"2022-06-20T15:47:28+05:30"}
{"level":"info","msg":"Using namespace '\u001b[1;37mvcluster\u001b[0m'","time":"2022-06-20T15:55:25+05:30"}
{"level":"info","msg":"Using kube context '\u001b[1;37mdocker-desktop\u001b[0m'","time":"2022-06-20T15:55:25+05:30"}
{"level":"info","msg":"Skip building image 'vcluster'","time":"2022-06-20T15:55:26+05:30"}
{"level":"info","msg":"Execute 'helm upgrade vcluster --namespace vcluster --values /var/folders/kb/95tz6wv1449g8c3q6dds3v2w0000gn/T/2599445323 --install vcluster --repo https://charts.loft.sh --repository-config='' --version 0.10.0 --kube-context docker-desktop'","time":"2022-06-20T15:55:26+05:30"}
{"level":"info","msg":"Deployed helm chart (Release revision: 1)","time":"2022-06-20T15:55:37+05:30"}
{"level":"info","msg":"Successfully deployed vcluster with helm","time":"2022-06-20T15:55:37+05:30"}
{"level":"info","msg":"DevSpace UI available at: \u001b[1;37mhttp://localhost:8090\u001b[0m","time":"2022-06-20T15:55:37+05:30"}
{"level":"info","msg":"Terminal: Waiting for containers to start...","time":"2022-06-20T15:55:52+05:30"}
{"level":"info","msg":"Opening shell to pod:container \u001b[1;37mvcluster-0\u001b[0m:\u001b[1;37mknative-serving-plugin\u001b[0m","time":"2022-06-20T15:55:53+05:30"}
{"level":"info","msg":"Using namespace '\u001b[1;37mvcluster\u001b[0m'","time":"2022-06-20T16:20:47+05:30"}
{"level":"info","msg":"Using kube context '\u001b[1;37mdocker-desktop\u001b[0m'","time":"2022-06-20T16:20:47+05:30"}
{"level":"info","msg":"Skip building image 'vcluster'","time":"2022-06-20T16:20:48+05:30"}
{"level":"info","msg":"Execute 'helm upgrade vcluster --namespace vcluster --values /var/folders/kb/95tz6wv1449g8c3q6dds3v2w0000gn/T/128140250 --install vcluster --repo https://charts.loft.sh --repository-config='' --version 0.10.0 --kube-context docker-desktop'","time":"2022-06-20T16:20:48+05:30"}
{"level":"info","msg":"Deployed helm chart (Release revision: 1)","time":"2022-06-20T16:20:54+05:30"}
{"level":"info","msg":"Successfully deployed vcluster with helm","time":"2022-06-20T16:20:54+05:30"}
{"level":"info","msg":"DevSpace UI available at: \u001b[1;37mhttp://localhost:8090\u001b[0m","time":"2022-06-20T16:20:54+05:30"}
{"level":"info","msg":"Terminal: Waiting for containers to start...","time":"2022-06-20T16:21:10+05:30"}
{"level":"info","msg":"Opening shell to pod:container \u001b[1;37mvcluster-0\u001b[0m:\u001b[1;37mknative-serving-plugin\u001b[0m","time":"2022-06-20T16:21:11+05:30"}
{"level":"info","msg":"Using namespace '\u001b[1;37mvcluster\u001b[0m'","time":"2022-06-21T01:43:46+05:30"}
{"level":"info","msg":"Using kube context '\u001b[1;37mdocker-desktop\u001b[0m'","time":"2022-06-21T01:43:46+05:30"}
{"level":"info","msg":"Skip building image 'vcluster'","time":"2022-06-21T01:43:47+05:30"}
{"level":"info","msg":"Execute 'helm upgrade vcluster --namespace vcluster --values /var/folders/kb/95tz6wv1449g8c3q6dds3v2w0000gn/T/3910034133 --install vcluster --repo https://charts.loft.sh --repository-config='' --version 0.10.0 --kube-context docker-desktop'","time":"2022-06-21T01:43:47+05:30"}
{"level":"info","msg":"Deployed helm chart (Release revision: 2)","time":"2022-06-21T01:43:56+05:30"}
{"level":"info","msg":"Successfully deployed vcluster with helm","time":"2022-06-21T01:43:56+05:30"}
{"level":"info","msg":"DevSpace UI available at: \u001b[1;37mhttp://localhost:8090\u001b[0m","time":"2022-06-21T01:43:56+05:30"}
{"level":"info","msg":"Terminal: Waiting for containers to start...","time":"2022-06-21T01:44:01+05:30"}
{"level":"info","msg":"Opening shell to pod:container \u001b[1;37mvcluster-0\u001b[0m:\u001b[1;37mknative-serving-plugin\u001b[0m","time":"2022-06-21T01:44:02+05:30"}
{"level":"info","msg":"Using namespace '\u001b[1;37mvcluster\u001b[0m'","time":"2022-06-21T01:45:59+05:30"}
{"level":"info","msg":"Using kube context '\u001b[1;37mdocker-desktop\u001b[0m'","time":"2022-06-21T01:45:59+05:30"}
{"level":"info","msg":"Skip building image 'vcluster'","time":"2022-06-21T01:45:59+05:30"}
{"level":"info","msg":"Execute 'helm upgrade vcluster --namespace vcluster --values /var/folders/kb/95tz6wv1449g8c3q6dds3v2w0000gn/T/2946178992 --install vcluster --repo https://charts.loft.sh --repository-config='' --version 0.10.0 --kube-context docker-desktop'","time":"2022-06-21T01:45:59+05:30"}
{"level":"info","msg":"Deployed helm chart (Release revision: 1)","time":"2022-06-21T01:46:13+05:30"}
{"level":"info","msg":"Successfully deployed vcluster with helm","time":"2022-06-21T01:46:13+05:30"}
{"level":"info","msg":"DevSpace UI available at: \u001b[1;37mhttp://localhost:8090\u001b[0m","time":"2022-06-21T01:46:13+05:30"}
{"level":"info","msg":"Terminal: Waiting for containers to start...","time":"2022-06-21T01:46:29+05:30"}
{"level":"info","msg":"Opening shell to pod:container \u001b[1;37mvcluster-0\u001b[0m:\u001b[1;37mknative-serving-plugin\u001b[0m","time":"2022-06-21T01:46:30+05:30"}
{"level":"info","msg":"Using namespace '\u001b[1;37mvcluster\u001b[0m'","time":"2022-06-21T01:52:27+05:30"}
{"level":"info","msg":"Using kube context '\u001b[1;37mdocker-desktop\u001b[0m'","time":"2022-06-21T01:52:27+05:30"}
{"level":"info","msg":"Skip building image 'vcluster'","time":"2022-06-21T01:52:27+05:30"}
{"level":"info","msg":"Execute 'helm upgrade vcluster --namespace vcluster --values /var/folders/kb/95tz6wv1449g8c3q6dds3v2w0000gn/T/670765678 --install vcluster --repo https://charts.loft.sh --repository-config='' --version 0.10.0 --kube-context docker-desktop'","time":"2022-06-21T01:52:27+05:30"}
{"level":"info","msg":"Deployed helm chart (Release revision: 2)","time":"2022-06-21T01:52:40+05:30"}
{"level":"info","msg":"Successfully deployed vcluster with helm","time":"2022-06-21T01:52:40+05:30"}
{"level":"info","msg":"DevSpace UI available at: \u001b[1;37mhttp://localhost:8090\u001b[0m","time":"2022-06-21T01:52:40+05:30"}
{"level":"info","msg":"Terminal: Waiting for containers to start...","time":"2022-06-21T01:52:45+05:30"}
{"level":"info","msg":"Opening shell to pod:container \u001b[1;37mvcluster-0\u001b[0m:\u001b[1;37mknative-serving-plugin\u001b[0m","time":"2022-06-21T01:52:46+05:30"}
{"level":"info","msg":"Using namespace '\u001b[1;37mvcluster\u001b[0m'","time":"2022-06-21T13:04:59+05:30"}
{"level":"info","msg":"Using kube context '\u001b[1;37mdocker-desktop\u001b[0m'","time":"2022-06-21T13:04:59+05:30"}
{"level":"info","msg":"Skip building image 'vcluster'","time":"2022-06-21T13:05:00+05:30"}
{"level":"info","msg":"Execute 'helm upgrade vcluster --namespace vcluster --values /var/folders/kb/95tz6wv1449g8c3q6dds3v2w0000gn/T/4143312189 --install vcluster --repo https://charts.loft.sh --repository-config='' --version 0.10.0 --kube-context docker-desktop'","time":"2022-06-21T13:05:00+05:30"}
{"level":"info","msg":"Deployed helm chart (Release revision: 1)","time":"2022-06-21T13:05:20+05:30"}
{"level":"info","msg":"Successfully deployed vcluster with helm","time":"2022-06-21T13:05:20+05:30"}
{"level":"info","msg":"DevSpace UI available at: \u001b[1;37mhttp://localhost:8090\u001b[0m","time":"2022-06-21T13:05:20+05:30"}
{"level":"info","msg":"Terminal: Waiting for containers to start...","time":"2022-06-21T13:05:46+05:30"}
{"level":"info","msg":"Opening shell to pod:container \u001b[1;37mvcluster-0\u001b[0m:\u001b[1;37mknative-serving-plugin\u001b[0m","time":"2022-06-21T13:05:47+05:30"}
{"level":"info","msg":"Restarting terminal because: command terminated with exit code 137","time":"2022-06-21T16:21:38+05:30"}
{"level":"warning","msg":"Pod coredns-5df468b6b7-hl2gr-x-kube-system-x-vcluster: error killing pod: failed to \"KillContainer\" for \"coredns\" with KillContainerError: \"rpc error: code = Unknown desc = Error response from daemon: No such container: 1fe721ec9be85b83c027ae44ad90a23ca756576c0581408c58de07eccf92dd3f\" (FailedKillPod)","time":"2022-06-21T16:21:49+05:30"}
{"level":"warning","msg":"Pod coredns-5df468b6b7-hl2gr-x-kube-system-x-vcluster: Liveness probe failed: Get \"http://10.1.3.35:8080/health\": dial tcp 10.1.3.35:8080: connect: connection refused (Unhealthy)","time":"2022-06-21T16:21:49+05:30"}
{"level":"warning","msg":"Pod coredns-5df468b6b7-hl2gr-x-kube-system-x-vcluster: Readiness probe failed: Get \"http://10.1.3.35:8181/ready\": dial tcp 10.1.3.35:8181: connect: connection refused (Unhealthy)","time":"2022-06-21T16:21:49+05:30"}
{"level":"warning","msg":"DevSpace still couldn't find any Pods that match the selector. DevSpace will continue waiting, but this operation might timeout","time":"2022-06-21T16:21:49+05:30"}
{"level":"warning","msg":"DevSpace still couldn't find any Pods that match the selector. DevSpace will continue waiting, but this operation might timeout","time":"2022-06-21T16:22:00+05:30"}
{"level":"warning","msg":"DevSpace still couldn't find any Pods that match the selector. DevSpace will continue waiting, but this operation might timeout","time":"2022-06-21T16:22:11+05:30"}
{"level":"warning","msg":"DevSpace still couldn't find any Pods that match the selector. DevSpace will continue waiting, but this operation might timeout","time":"2022-06-21T16:22:22+05:30"}
{"level":"warning","msg":"DevSpace still couldn't find any Pods that match the selector. DevSpace will continue waiting, but this operation might timeout","time":"2022-06-21T16:22:33+05:30"}
{"level":"warning","msg":"DevSpace still couldn't find any Pods that match the selector. DevSpace will continue waiting, but this operation might timeout","time":"2022-06-21T16:22:44+05:30"}
{"level":"warning","msg":"DevSpace still couldn't find any Pods that match the selector. DevSpace will continue waiting, but this operation might timeout","time":"2022-06-21T16:22:55+05:30"}
{"level":"warning","msg":"DevSpace still couldn't find any Pods that match the selector. DevSpace will continue waiting, but this operation might timeout","time":"2022-06-21T16:23:06+05:30"}
{"level":"warning","msg":"DevSpace still couldn't find any Pods that match the selector. DevSpace will continue waiting, but this operation might timeout","time":"2022-06-21T16:23:17+05:30"}
{"level":"warning","msg":"DevSpace still couldn't find any Pods that match the selector. DevSpace will continue waiting, but this operation might timeout","time":"2022-06-21T16:23:28+05:30"}
{"level":"warning","msg":"DevSpace still couldn't find any Pods that match the selector. DevSpace will continue waiting, but this operation might timeout","time":"2022-06-21T16:23:39+05:30"}
{"level":"warning","msg":"DevSpace still couldn't find any Pods that match the selector. DevSpace will continue waiting, but this operation might timeout","time":"2022-06-21T16:23:50+05:30"}
{"level":"warning","msg":"DevSpace still couldn't find any Pods that match the selector. DevSpace will continue waiting, but this operation might timeout","time":"2022-06-21T16:24:01+05:30"}
{"level":"warning","msg":"DevSpace still couldn't find any Pods that match the selector. DevSpace will continue waiting, but this operation might timeout","time":"2022-06-21T16:24:12+05:30"}
{"level":"warning","msg":"DevSpace still couldn't find any Pods that match the selector. DevSpace will continue waiting, but this operation might timeout","time":"2022-06-21T16:24:23+05:30"}
{"level":"warning","msg":"DevSpace still couldn't find any Pods that match the selector. DevSpace will continue waiting, but this operation might timeout","time":"2022-06-21T16:24:34+05:30"}
{"level":"warning","msg":"DevSpace still couldn't find any Pods that match the selector. DevSpace will continue waiting, but this operation might timeout","time":"2022-06-21T16:24:45+05:30"}
{"level":"warning","msg":"DevSpace still couldn't find any Pods that match the selector. DevSpace will continue waiting, but this operation might timeout","time":"2022-06-21T16:24:56+05:30"}
{"level":"warning","msg":"DevSpace still couldn't find any Pods that match the selector. DevSpace will continue waiting, but this operation might timeout","time":"2022-06-21T16:25:07+05:30"}
{"level":"warning","msg":"DevSpace still couldn't find any Pods that match the selector. DevSpace will continue waiting, but this operation might timeout","time":"2022-06-21T16:25:18+05:30"}
{"level":"warning","msg":"DevSpace still couldn't find any Pods that match the selector. DevSpace will continue waiting, but this operation might timeout","time":"2022-06-21T16:25:29+05:30"}
{"level":"warning","msg":"DevSpace still couldn't find any Pods that match the selector. DevSpace will continue waiting, but this operation might timeout","time":"2022-06-21T16:25:40+05:30"}
{"level":"warning","msg":"DevSpace still couldn't find any Pods that match the selector. DevSpace will continue waiting, but this operation might timeout","time":"2022-06-21T16:25:51+05:30"}
{"level":"warning","msg":"DevSpace still couldn't find any Pods that match the selector. DevSpace will continue waiting, but this operation might timeout","time":"2022-06-21T16:26:02+05:30"}
{"level":"warning","msg":"DevSpace still couldn't find any Pods that match the selector. DevSpace will continue waiting, but this operation might timeout","time":"2022-06-21T16:26:13+05:30"}
{"level":"warning","msg":"DevSpace still couldn't find any Pods that match the selector. DevSpace will continue waiting, but this operation might timeout","time":"2022-06-21T16:26:24+05:30"}
{"level":"warning","msg":"DevSpace still couldn't find any Pods that match the selector. DevSpace will continue waiting, but this operation might timeout","time":"2022-06-21T16:26:35+05:30"}
{"level":"warning","msg":"DevSpace still couldn't find any Pods that match the selector. DevSpace will continue waiting, but this operation might timeout","time":"2022-06-21T16:26:46+05:30"}
{"level":"warning","msg":"DevSpace still couldn't find any Pods that match the selector. DevSpace will continue waiting, but this operation might timeout","time":"2022-06-21T16:26:56+05:30"}
{"level":"warning","msg":"DevSpace still couldn't find any Pods that match the selector. DevSpace will continue waiting, but this operation might timeout","time":"2022-06-21T16:27:07+05:30"}
{"level":"warning","msg":"DevSpace still couldn't find any Pods that match the selector. DevSpace will continue waiting, but this operation might timeout","time":"2022-06-21T16:27:18+05:30"}
{"level":"warning","msg":"DevSpace still couldn't find any Pods that match the selector. DevSpace will continue waiting, but this operation might timeout","time":"2022-06-21T16:27:29+05:30"}
{"level":"warning","msg":"DevSpace still couldn't find any Pods that match the selector. DevSpace will continue waiting, but this operation might timeout","time":"2022-06-21T16:27:40+05:30"}
{"level":"warning","msg":"DevSpace still couldn't find any Pods that match the selector. DevSpace will continue waiting, but this operation might timeout","time":"2022-06-21T16:27:51+05:30"}
{"level":"warning","msg":"DevSpace still couldn't find any Pods that match the selector. DevSpace will continue waiting, but this operation might timeout","time":"2022-06-21T16:28:02+05:30"}
{"level":"warning","msg":"DevSpace still couldn't find any Pods that match the selector. DevSpace will continue waiting, but this operation might timeout","time":"2022-06-21T16:28:13+05:30"}
{"level":"warning","msg":"DevSpace still couldn't find any Pods that match the selector. DevSpace will continue waiting, but this operation might timeout","time":"2022-06-21T16:28:23+05:30"}
{"level":"warning","msg":"DevSpace still couldn't find any Pods that match the selector. DevSpace will continue waiting, but this operation might timeout","time":"2022-06-21T16:28:34+05:30"}
{"level":"warning","msg":"DevSpace still couldn't find any Pods that match the selector. DevSpace will continue waiting, but this operation might timeout","time":"2022-06-21T16:28:45+05:30"}
{"level":"warning","msg":"DevSpace still couldn't find any Pods that match the selector. DevSpace will continue waiting, but this operation might timeout","time":"2022-06-21T16:28:56+05:30"}
{"level":"warning","msg":"DevSpace still couldn't find any Pods that match the selector. DevSpace will continue waiting, but this operation might timeout","time":"2022-06-21T16:29:07+05:30"}
{"level":"warning","msg":"DevSpace still couldn't find any Pods that match the selector. DevSpace will continue waiting, but this operation might timeout","time":"2022-06-21T16:29:18+05:30"}
{"level":"warning","msg":"DevSpace still couldn't find any Pods that match the selector. DevSpace will continue waiting, but this operation might timeout","time":"2022-06-21T16:29:29+05:30"}
{"level":"warning","msg":"DevSpace still couldn't find any Pods that match the selector. DevSpace will continue waiting, but this operation might timeout","time":"2022-06-21T16:29:39+05:30"}
{"level":"warning","msg":"DevSpace still couldn't find any Pods that match the selector. DevSpace will continue waiting, but this operation might timeout","time":"2022-06-21T16:29:50+05:30"}
{"level":"warning","msg":"DevSpace still couldn't find any Pods that match the selector. DevSpace will continue waiting, but this operation might timeout","time":"2022-06-21T16:30:01+05:30"}
{"level":"warning","msg":"DevSpace still couldn't find any Pods that match the selector. DevSpace will continue waiting, but this operation might timeout","time":"2022-06-21T16:30:12+05:30"}
{"level":"warning","msg":"DevSpace still couldn't find any Pods that match the selector. DevSpace will continue waiting, but this operation might timeout","time":"2022-06-21T16:30:23+05:30"}
{"level":"warning","msg":"DevSpace still couldn't find any Pods that match the selector. DevSpace will continue waiting, but this operation might timeout","time":"2022-06-21T16:30:34+05:30"}
{"level":"warning","msg":"DevSpace still couldn't find any Pods that match the selector. DevSpace will continue waiting, but this operation might timeout","time":"2022-06-21T16:30:45+05:30"}
{"level":"warning","msg":"DevSpace still couldn't find any Pods that match the selector. DevSpace will continue waiting, but this operation might timeout","time":"2022-06-21T16:30:56+05:30"}
{"level":"warning","msg":"DevSpace still couldn't find any Pods that match the selector. DevSpace will continue waiting, but this operation might timeout","time":"2022-06-21T16:31:07+05:30"}
{"level":"warning","msg":"DevSpace still couldn't find any Pods that match the selector. DevSpace will continue waiting, but this operation might timeout","time":"2022-06-21T16:31:18+05:30"}
{"level":"warning","msg":"DevSpace still couldn't find any Pods that match the selector. DevSpace will continue waiting, but this operation might timeout","time":"2022-06-21T16:31:29+05:30"}
{"level":"fatal","msg":"timeout: couldn't find a pod / container in time with image selector: ishankhare07/vcluster-plugins/knative-serving-plugin:NWQROvY","time":"2022-06-21T16:31:38+05:30"}
{"level":"info","msg":"Using namespace '\u001b[1;37mvcluster\u001b[0m'","time":"2022-06-21T17:39:49+05:30"}
{"level":"info","msg":"Using kube context '\u001b[1;37mdocker-desktop\u001b[0m'","time":"2022-06-21T17:39:49+05:30"}
{"level":"info","msg":"Created image pull secret vcluster/devspace-auth-docker","time":"2022-06-21T17:39:49+05:30"}
{"level":"info","msg":"Skip building image 'vcluster'","time":"2022-06-21T17:39:49+05:30"}
{"level":"info","msg":"Skipping deployment vcluster","time":"2022-06-21T17:39:50+05:30"}
{"level":"info","msg":"DevSpace UI available at: \u001b[1;37mhttp://localhost:8090\u001b[0m","time":"2022-06-21T17:39:50+05:30"}
{"level":"info","msg":"Using namespace '\u001b[1;37mvcluster\u001b[0m'","time":"2022-06-21T17:41:13+05:30"}
{"level":"info","msg":"Using kube context '\u001b[1;37mdocker-desktop\u001b[0m'","time":"2022-06-21T17:41:13+05:30"}
{"level":"warning","msg":"failed to create pull secret for registry: create pull secret: Unable to create image pull secret: secrets \"devspace-auth-docker\" is forbidden: unable to create new content in namespace vcluster because it is being terminated","time":"2022-06-21T17:41:13+05:30"}
{"level":"info","msg":"Skip building image 'vcluster'","time":"2022-06-21T17:41:13+05:30"}
{"level":"info","msg":"Execute 'helm upgrade vcluster --namespace vcluster --values /var/folders/kb/95tz6wv1449g8c3q6dds3v2w0000gn/T/2558062422 --install vcluster --repo https://charts.loft.sh --repository-config='' --version 0.10.0 --kube-context docker-desktop'","time":"2022-06-21T17:41:14+05:30"}
{"level":"info","msg":"Using namespace '\u001b[1;37mvcluster\u001b[0m'","time":"2022-06-21T17:41:34+05:30"}
{"level":"info","msg":"Using kube context '\u001b[1;37mdocker-desktop\u001b[0m'","time":"2022-06-21T17:41:34+05:30"}
{"level":"info","msg":"Created namespace: vcluster","time":"2022-06-21T17:41:34+05:30"}
{"level":"info","msg":"Created image pull secret vcluster/devspace-auth-docker","time":"2022-06-21T17:41:34+05:30"}
{"level":"info","msg":"Skip building image 'vcluster'","time":"2022-06-21T17:41:35+05:30"}
{"level":"info","msg":"Execute 'helm upgrade vcluster --namespace vcluster --values /var/folders/kb/95tz6wv1449g8c3q6dds3v2w0000gn/T/3224717208 --install vcluster --repo https://charts.loft.sh --repository-config='' --version 0.10.0 --kube-context docker-desktop'","time":"2022-06-21T17:41:35+05:30"}
{"level":"info","msg":"Deployed helm chart (Release revision: 1)","time":"2022-06-21T17:41:53+05:30"}
{"level":"info","msg":"Successfully deployed vcluster with helm","time":"2022-06-21T17:41:53+05:30"}
{"level":"info","msg":"DevSpace UI available at: \u001b[1;37mhttp://localhost:8090\u001b[0m","time":"2022-06-21T17:41:53+05:30"}
{"level":"info","msg":"Terminal: Waiting for containers to start...","time":"2022-06-21T17:42:10+05:30"}
{"level":"info","msg":"Opening shell to pod:container \u001b[1;37mvcluster-0\u001b[0m:\u001b[1;37mknative-serving-plugin\u001b[0m","time":"2022-06-21T17:42:11+05:30"}
