{"level":"info","msg":"[0:ports] Port-Forwarding: Waiting for containers to start...","time":"2022-06-20T14:05:22+05:30"}
{"level":"info","msg":"[0:ports] Warning: Pod vcluster-0: 0/1 nodes are available: 1 pod has unbound immediate PersistentVolumeClaims. preemption: 0/1 nodes are available: 1 Preemption is not helpful for scheduling. (FailedScheduling)","time":"2022-06-20T14:05:34+05:30"}
{"level":"info","msg":"[0:ports] DevSpace is waiting, because Pod vcluster-0 has status: ContainerCreating","time":"2022-06-20T14:05:34+05:30"}
Forwarding from 127.0.0.1:2346 -> 2345
Forwarding from [::1]:2346 -> 2345
{"level":"info","msg":"[0:ports] Port forwarding started on 2346:2345 (vcluster/vcluster-0)","time":"2022-06-20T14:05:38+05:30"}
{"level":"info","msg":"[0:ports] Port-Forwarding: Waiting for containers to start...","time":"2022-06-20T15:15:23+05:30"}
{"level":"info","msg":"[0:ports] Port-Forwarding: Waiting for containers to start...","time":"2022-06-20T15:16:25+05:30"}
{"level":"info","msg":"[0:ports] Warning: Pod coredns-5df468b6b7-v7c8n-x-kube-system-x-vcluster: MountVolume.SetUp failed for volume \"kube-api-access-xxlf4\" : failed to sync configmap cache: timed out waiting for the condition (FailedMount)","time":"2022-06-20T15:16:37+05:30"}
{"level":"info","msg":"[0:ports] Warning: Pod coredns-5df468b6b7-v7c8n-x-kube-system-x-vcluster: MountVolume.SetUp failed for volume \"config-volume\" : failed to sync configmap cache: timed out waiting for the condition (FailedMount)","time":"2022-06-20T15:16:37+05:30"}
{"level":"info","msg":"[0:ports] Warning: Pod coredns-5df468b6b7-v7c8n-x-kube-system-x-vcluster: MountVolume.SetUp failed for volume \"custom-config-volume\" : failed to sync configmap cache: timed out waiting for the condition (FailedMount)","time":"2022-06-20T15:16:37+05:30"}
{"level":"info","msg":"[0:ports] Warning: Pod vcluster-0: Readiness probe failed: Get \"https://10.1.2.244:8443/readyz\": dial tcp 10.1.2.244:8443: connect: connection refused (Unhealthy)","time":"2022-06-20T15:16:37+05:30"}
{"level":"info","msg":"[0:ports] Warning: Pod vcluster-0: 0/1 nodes are available: 1 pod has unbound immediate PersistentVolumeClaims. preemption: 0/1 nodes are available: 1 Preemption is not helpful for scheduling. (FailedScheduling)","time":"2022-06-20T15:16:37+05:30"}
{"level":"info","msg":"[0:ports] Warning: Pod vpnkit-controller: Back-off restarting failed container (BackOff)","time":"2022-06-20T15:16:37+05:30"}
{"level":"info","msg":"[0:ports] Warning: DevSpace still couldn't find any Pods that match the selector. DevSpace will continue waiting, but this operation might timeout","time":"2022-06-20T15:16:37+05:30"}
{"level":"info","msg":"[0:ports] Warning: DevSpace still couldn't find any Pods that match the selector. DevSpace will continue waiting, but this operation might timeout","time":"2022-06-20T15:16:48+05:30"}
{"level":"info","msg":"[0:ports] Port-Forwarding: Waiting for containers to start...","time":"2022-06-20T15:19:09+05:30"}
Forwarding from 127.0.0.1:2346 -> 2345
Forwarding from [::1]:2346 -> 2345
{"level":"info","msg":"[0:ports] Port forwarding started on 2346:2345 (vcluster/vcluster-0)","time":"2022-06-20T15:19:12+05:30"}
{"level":"info","msg":"[0:ports] Port-Forwarding: Waiting for containers to start...","time":"2022-06-20T15:39:09+05:30"}
{"level":"info","msg":"[0:ports] DevSpace is waiting, because Pod vcluster-0 has status: ContainerCreating","time":"2022-06-20T15:39:21+05:30"}
{"level":"info","msg":"[0:ports] Warning: Pod vcluster-0 has critical status: ImagePullBackOff. DevSpace will continue waiting, but this operation might timeout","time":"2022-06-20T15:39:32+05:30"}
{"level":"info","msg":"[0:ports] Warning: Pod vcluster-0 has critical status: ImagePullBackOff. DevSpace will continue waiting, but this operation might timeout","time":"2022-06-20T15:39:42+05:30"}
{"level":"info","msg":"[0:ports] Warning: Pod vcluster-0 has critical status: ImagePullBackOff. DevSpace will continue waiting, but this operation might timeout","time":"2022-06-20T15:39:53+05:30"}
{"level":"info","msg":"[0:ports] Warning: Pod vcluster-0 has critical status: ErrImagePull. DevSpace will continue waiting, but this operation might timeout","time":"2022-06-20T15:40:04+05:30"}
{"level":"info","msg":"[0:ports] Warning: Pod vcluster-0 has critical status: ImagePullBackOff. DevSpace will continue waiting, but this operation might timeout","time":"2022-06-20T15:40:14+05:30"}
{"level":"info","msg":"[0:ports] Warning: Pod vcluster-0 has critical status: ErrImagePull. DevSpace will continue waiting, but this operation might timeout","time":"2022-06-20T15:40:25+05:30"}
{"level":"info","msg":"[0:ports] Warning: Pod vcluster-0 has critical status: ImagePullBackOff. DevSpace will continue waiting, but this operation might timeout","time":"2022-06-20T15:40:36+05:30"}
{"level":"info","msg":"[0:ports] Warning: Pod vcluster-0 has critical status: ImagePullBackOff. DevSpace will continue waiting, but this operation might timeout","time":"2022-06-20T15:40:47+05:30"}
{"level":"info","msg":"[0:ports] Warning: Pod vcluster-0 has critical status: ImagePullBackOff. DevSpace will continue waiting, but this operation might timeout","time":"2022-06-20T15:40:57+05:30"}
{"level":"info","msg":"[0:ports] Warning: Pod vcluster-0 has critical status: ErrImagePull. DevSpace will continue waiting, but this operation might timeout","time":"2022-06-20T15:41:08+05:30"}
{"level":"info","msg":"[0:ports] Warning: Pod vcluster-0 has critical status: ErrImagePull. DevSpace will continue waiting, but this operation might timeout","time":"2022-06-20T15:41:18+05:30"}
{"level":"info","msg":"[0:ports] Warning: Pod vcluster-0 has critical status: ImagePullBackOff. DevSpace will continue waiting, but this operation might timeout","time":"2022-06-20T15:41:28+05:30"}
{"level":"info","msg":"[0:ports] Warning: Pod vcluster-0 has critical status: ImagePullBackOff. DevSpace will continue waiting, but this operation might timeout","time":"2022-06-20T15:41:39+05:30"}
{"level":"info","msg":"[0:ports] Warning: Pod vcluster-0 has critical status: ImagePullBackOff. DevSpace will continue waiting, but this operation might timeout","time":"2022-06-20T15:41:49+05:30"}
{"level":"info","msg":"[0:ports] Warning: Pod vcluster-0 has critical status: ImagePullBackOff. DevSpace will continue waiting, but this operation might timeout","time":"2022-06-20T15:42:00+05:30"}
{"level":"info","msg":"[0:ports] Warning: Pod vcluster-0 has critical status: ImagePullBackOff. DevSpace will continue waiting, but this operation might timeout","time":"2022-06-20T15:42:11+05:30"}
{"level":"info","msg":"[0:ports] Warning: Pod vcluster-0 has critical status: ImagePullBackOff. DevSpace will continue waiting, but this operation might timeout","time":"2022-06-20T15:42:22+05:30"}
{"level":"info","msg":"[0:ports] Warning: Pod vcluster-0 has critical status: ImagePullBackOff. DevSpace will continue waiting, but this operation might timeout","time":"2022-06-20T15:42:33+05:30"}
{"level":"info","msg":"[0:ports] Warning: Pod vcluster-0 has critical status: ErrImagePull. DevSpace will continue waiting, but this operation might timeout","time":"2022-06-20T15:42:44+05:30"}
{"level":"info","msg":"[0:ports] Warning: Pod vcluster-0 has critical status: ErrImagePull. DevSpace will continue waiting, but this operation might timeout","time":"2022-06-20T15:42:54+05:30"}
{"level":"info","msg":"[0:ports] Warning: Pod vcluster-0 has critical status: ImagePullBackOff. DevSpace will continue waiting, but this operation might timeout","time":"2022-06-20T15:43:05+05:30"}
{"level":"info","msg":"[0:ports] Warning: Pod vcluster-0 has critical status: ImagePullBackOff. DevSpace will continue waiting, but this operation might timeout","time":"2022-06-20T15:43:16+05:30"}
{"level":"info","msg":"[0:ports] Warning: Pod vcluster-0 has critical status: ImagePullBackOff. DevSpace will continue waiting, but this operation might timeout","time":"2022-06-20T15:43:27+05:30"}
{"level":"info","msg":"[0:ports] Warning: Pod vcluster-0 has critical status: ImagePullBackOff. DevSpace will continue waiting, but this operation might timeout","time":"2022-06-20T15:43:37+05:30"}
{"level":"info","msg":"[0:ports] Warning: Pod vcluster-0 has critical status: ImagePullBackOff. DevSpace will continue waiting, but this operation might timeout","time":"2022-06-20T15:43:47+05:30"}
{"level":"info","msg":"[0:ports] Port-Forwarding: Waiting for containers to start...","time":"2022-06-20T15:44:15+05:30"}
{"level":"info","msg":"[0:ports] Warning: Pod vcluster-0 has critical status: ImagePullBackOff. DevSpace will continue waiting, but this operation might timeout","time":"2022-06-20T15:44:27+05:30"}
{"level":"info","msg":"[0:ports] Warning: Pod vcluster-0 has critical status: ImagePullBackOff. DevSpace will continue waiting, but this operation might timeout","time":"2022-06-20T15:44:38+05:30"}
{"level":"info","msg":"[0:ports] Port-Forwarding: Waiting for containers to start...","time":"2022-06-20T15:45:01+05:30"}
{"level":"info","msg":"[0:ports] Warning: Pod vcluster-0 has critical status: ImagePullBackOff. DevSpace will continue waiting, but this operation might timeout","time":"2022-06-20T15:45:13+05:30"}
{"level":"info","msg":"[0:ports] Warning: Pod vcluster-0: Error: ImagePullBackOff (Failed)","time":"2022-06-20T15:45:24+05:30"}
{"level":"info","msg":"[0:ports] Warning: Pod vcluster-0: Failed to pull image \"ghcr.io/loft-sh/loft-enterprise/dev-vcluster\": rpc error: code = Unknown desc = Error response from daemon: Head \"https://ghcr.io/v2/loft-sh/loft-enterprise/dev-vcluster/manifests/latest\": unauthorized (Failed)","time":"2022-06-20T15:45:24+05:30"}
{"level":"info","msg":"[0:ports] Warning: Pod vcluster-0: Error: ErrImagePull (Failed)","time":"2022-06-20T15:45:24+05:30"}
{"level":"info","msg":"[0:ports] Warning: Pod vcluster-0: 0/1 nodes are available: 1 pod has unbound immediate PersistentVolumeClaims. preemption: 0/1 nodes are available: 1 Preemption is not helpful for scheduling. (FailedScheduling)","time":"2022-06-20T15:45:24+05:30"}
{"level":"info","msg":"[0:ports] Warning: Pod coredns-5df468b6b7-v7c8n-x-kube-system-x-vcluster: MountVolume.SetUp failed for volume \"custom-config-volume\" : failed to sync configmap cache: timed out waiting for the condition (FailedMount)","time":"2022-06-20T15:45:24+05:30"}
{"level":"info","msg":"[0:ports] Warning: Pod coredns-5df468b6b7-v7c8n-x-kube-system-x-vcluster: MountVolume.SetUp failed for volume \"kube-api-access-xxlf4\" : failed to sync configmap cache: timed out waiting for the condition (FailedMount)","time":"2022-06-20T15:45:24+05:30"}
{"level":"info","msg":"[0:ports] Warning: Pod coredns-5df468b6b7-v7c8n-x-kube-system-x-vcluster: MountVolume.SetUp failed for volume \"config-volume\" : failed to sync configmap cache: timed out waiting for the condition (FailedMount)","time":"2022-06-20T15:45:24+05:30"}
{"level":"info","msg":"[0:ports] Warning: Pod vcluster-0: Readiness probe failed: Get \"https://10.1.2.244:8443/readyz\": dial tcp 10.1.2.244:8443: connect: connection refused (Unhealthy)","time":"2022-06-20T15:45:24+05:30"}
{"level":"info","msg":"[0:ports] Warning: Pod vcluster-0: 0/1 nodes are available: 1 pod has unbound immediate PersistentVolumeClaims. preemption: 0/1 nodes are available: 1 Preemption is not helpful for scheduling. (FailedScheduling)","time":"2022-06-20T15:45:24+05:30"}
{"level":"info","msg":"[0:ports] Warning: Pod vpnkit-controller: Back-off restarting failed container (BackOff)","time":"2022-06-20T15:45:24+05:30"}
{"level":"info","msg":"[0:ports] Warning: DevSpace still couldn't find any Pods that match the selector. DevSpace will continue waiting, but this operation might timeout","time":"2022-06-20T15:45:24+05:30"}
Forwarding from 127.0.0.1:2346 -> 2345
Forwarding from [::1]:2346 -> 2345
{"level":"info","msg":"[0:ports] Port forwarding started on 2346:2345 (vcluster/vcluster-0)","time":"2022-06-20T15:45:26+05:30"}
{"level":"info","msg":"[0:ports] Port-Forwarding: Waiting for containers to start...","time":"2022-06-20T15:46:42+05:30"}
Forwarding from 127.0.0.1:2346 -> 2345
Forwarding from [::1]:2346 -> 2345
{"level":"info","msg":"[0:ports] Port forwarding started on 2346:2345 (vcluster/vcluster-0)","time":"2022-06-20T15:47:17+05:30"}
{"level":"info","msg":"[0:ports] Port-Forwarding: Waiting for containers to start...","time":"2022-06-20T15:55:37+05:30"}
Forwarding from 127.0.0.1:2346 -> 2345
Forwarding from [::1]:2346 -> 2345
{"level":"info","msg":"[0:ports] Port forwarding started on 2346:2345 (vcluster/vcluster-0)","time":"2022-06-20T15:55:41+05:30"}
{"level":"info","msg":"[0:ports] Port-Forwarding: Waiting for containers to start...","time":"2022-06-20T16:20:54+05:30"}
Forwarding from 127.0.0.1:2346 -> 2345
Forwarding from [::1]:2346 -> 2345
{"level":"info","msg":"[0:ports] Port forwarding started on 2346:2345 (vcluster/vcluster-0)","time":"2022-06-20T16:20:58+05:30"}
{"level":"info","msg":"[0:ports] Port-Forwarding: Waiting for containers to start...","time":"2022-06-21T01:43:56+05:30"}
Forwarding from 127.0.0.1:2346 -> 2345
Forwarding from [::1]:2346 -> 2345
{"level":"info","msg":"[0:ports] Port forwarding started on 2346:2345 (vcluster/vcluster-0)","time":"2022-06-21T01:43:58+05:30"}
{"level":"info","msg":"[0:ports] Port-Forwarding: Waiting for containers to start...","time":"2022-06-21T01:46:13+05:30"}
Forwarding from 127.0.0.1:2346 -> 2345
Forwarding from [::1]:2346 -> 2345
{"level":"info","msg":"[0:ports] Port forwarding started on 2346:2345 (vcluster/vcluster-0)","time":"2022-06-21T01:46:17+05:30"}
{"level":"info","msg":"[0:ports] Port-Forwarding: Waiting for containers to start...","time":"2022-06-21T01:52:40+05:30"}
Forwarding from 127.0.0.1:2346 -> 2345
Forwarding from [::1]:2346 -> 2345
{"level":"info","msg":"[0:ports] Port forwarding started on 2346:2345 (vcluster/vcluster-0)","time":"2022-06-21T01:52:42+05:30"}
{"level":"info","msg":"[0:ports] Port-Forwarding: Waiting for containers to start...","time":"2022-06-21T13:05:20+05:30"}
Forwarding from 127.0.0.1:2346 -> 2345
Forwarding from [::1]:2346 -> 2345
{"level":"info","msg":"[0:ports] Port forwarding started on 2346:2345 (vcluster/vcluster-0)","time":"2022-06-21T13:05:26+05:30"}
{"level":"info","msg":"[0:ports] Port-Forwarding: Waiting for containers to start...","time":"2022-06-21T17:39:50+05:30"}
{"level":"info","msg":"[0:ports] Port-Forwarding: Waiting for containers to start...","time":"2022-06-21T17:41:53+05:30"}
Forwarding from 127.0.0.1:2346 -> 2345
Forwarding from [::1]:2346 -> 2345
{"level":"info","msg":"[0:ports] Port forwarding started on 2346:2345 (vcluster/vcluster-0)","time":"2022-06-21T17:41:56+05:30"}
